[1.507s] Invoking command in '/home/jio/ros2_ws/build/tmove_package': DEBUGINFOD_URLS=https://debuginfod.ubuntu.com PYTHONPATH=/home/jio/ros2_ws/build/tmove_package/prefix_override:/usr/lib/python3/dist-packages/colcon_core/task/python/colcon_distutils_commands:/home/jio/ros2_ws/install/tmove_package/lib/python3.12/site-packages:${PYTHONPATH} /usr/bin/python3 -W ignore:setup.py install is deprecated -W ignore:easy_install command is deprecated setup.py develop --editable --build-directory /home/jio/ros2_ws/build/tmove_package/build --no-deps symlink_data
[2.000s] running develop
[2.301s] running egg_info
[2.301s] creating tmove_package.egg-info
[2.332s] writing tmove_package.egg-info/PKG-INFO
[2.333s] writing dependency_links to tmove_package.egg-info/dependency_links.txt
[2.333s] writing entry points to tmove_package.egg-info/entry_points.txt
[2.333s] writing requirements to tmove_package.egg-info/requires.txt
[2.333s] writing top-level names to tmove_package.egg-info/top_level.txt
[2.333s] writing manifest file 'tmove_package.egg-info/SOURCES.txt'
[2.392s] reading manifest file 'tmove_package.egg-info/SOURCES.txt'
[2.393s] writing manifest file 'tmove_package.egg-info/SOURCES.txt'
[2.424s] running build_ext
[2.424s] Creating /home/jio/ros2_ws/install/tmove_package/lib/python3.12/site-packages/tmove-package.egg-link (link to .)
[2.425s] Installing turtle_move script to /home/jio/ros2_ws/install/tmove_package/lib/tmove_package
[2.425s] 
[2.425s] Installed /home/jio/ros2_ws/build/tmove_package
[2.425s] running symlink_data
[2.426s] creating /home/jio/ros2_ws/install/tmove_package/share/ament_index
[2.426s] creating /home/jio/ros2_ws/install/tmove_package/share/ament_index/resource_index
[2.426s] creating /home/jio/ros2_ws/install/tmove_package/share/ament_index/resource_index/packages
[2.426s] symbolically linking /home/jio/ros2_ws/build/tmove_package/resource/tmove_package -> /home/jio/ros2_ws/install/tmove_package/share/ament_index/resource_index/packages
[2.426s] symbolically linking /home/jio/ros2_ws/build/tmove_package/package.xml -> /home/jio/ros2_ws/install/tmove_package/share/tmove_package
[2.501s] Invoked command in '/home/jio/ros2_ws/build/tmove_package' returned '0': DEBUGINFOD_URLS=https://debuginfod.ubuntu.com PYTHONPATH=/home/jio/ros2_ws/build/tmove_package/prefix_override:/usr/lib/python3/dist-packages/colcon_core/task/python/colcon_distutils_commands:/home/jio/ros2_ws/install/tmove_package/lib/python3.12/site-packages:${PYTHONPATH} /usr/bin/python3 -W ignore:setup.py install is deprecated -W ignore:easy_install command is deprecated setup.py develop --editable --build-directory /home/jio/ros2_ws/build/tmove_package/build --no-deps symlink_data
