running develop
running egg_info
creating demo_pkg.egg-info
writing demo_pkg.egg-info/PKG-INFO
writing dependency_links to demo_pkg.egg-info/dependency_links.txt
writing entry points to demo_pkg.egg-info/entry_points.txt
writing requirements to demo_pkg.egg-info/requires.txt
writing top-level names to demo_pkg.egg-info/top_level.txt
writing manifest file 'demo_pkg.egg-info/SOURCES.txt'
reading manifest file 'demo_pkg.egg-info/SOURCES.txt'
writing manifest file 'demo_pkg.egg-info/SOURCES.txt'
running build_ext
Creating /home/jio/ros2_ws/install/demo_pkg/lib/python3.12/site-packages/demo-pkg.egg-link (link to .)
Installing simple_pub script to /home/jio/ros2_ws/install/demo_pkg/lib/demo_pkg
Installing simple_sub script to /home/jio/ros2_ws/install/demo_pkg/lib/demo_pkg

Installed /home/jio/ros2_ws/build/demo_pkg
running symlink_data
creating /home/jio/ros2_ws/install/demo_pkg/share/ament_index
creating /home/jio/ros2_ws/install/demo_pkg/share/ament_index/resource_index
creating /home/jio/ros2_ws/install/demo_pkg/share/ament_index/resource_index/packages
symbolically linking /home/jio/ros2_ws/build/demo_pkg/resource/demo_pkg -> /home/jio/ros2_ws/install/demo_pkg/share/ament_index/resource_index/packages
symbolically linking /home/jio/ros2_ws/build/demo_pkg/package.xml -> /home/jio/ros2_ws/install/demo_pkg/share/demo_pkg
